[2024:02:06:17:55:39] [LootOverhaul] [INFO] Thanks for downloading this mod ^_^
[2024:02:06:17:57:54] [LootOverhaul] [INFO] Start Reloading !
[2024:02:06:17:57:54] [LootOverhaul] [INFO] Loading conditions !
[2024:02:06:17:57:54] [LootOverhaul] [INFO] Loaded conditions !
[2024:02:06:17:57:54] [LootOverhaul] [INFO] Registered 0 conditions !
[2024:02:06:17:57:54] [LootOverhaul] [INFO] Registered 0 block conditions !
[2024:02:06:17:57:54] [LootOverhaul] [INFO] Registered 0 entity conditions !
[2024:02:06:17:57:54] [LootOverhaul] [INFO] Registered 0 chest conditions !
[2024:02:06:17:57:54] [LootOverhaul] [INFO] Registered 0 fishing conditions !
[2024:02:06:17:57:54] [LootOverhaul] [INFO] Reloaded !
[2024:02:06:17:58:07] [LootOverhaul] [INFO] Loading data from file !
[2024:02:06:17:58:07] [LootOverhaul] [INFO] Loading level data !
[2024:02:06:17:58:07] [LootOverhaul] [INFO] Loaded level data !
[2024:02:06:17:59:06] [LootOverhaul] [INFO] Start Reloading !
[2024:02:06:17:59:06] [LootOverhaul] [INFO] Loading conditions !
[2024:02:06:17:59:06] [LootOverhaul] [INFO] Loaded conditions !
[2024:02:06:17:59:06] [LootOverhaul] [INFO] Registered 0 conditions !
[2024:02:06:17:59:06] [LootOverhaul] [INFO] Registered 0 block conditions !
[2024:02:06:17:59:06] [LootOverhaul] [INFO] Registered 0 entity conditions !
[2024:02:06:17:59:06] [LootOverhaul] [INFO] Registered 0 chest conditions !
[2024:02:06:17:59:06] [LootOverhaul] [INFO] Registered 0 fishing conditions !
[2024:02:06:17:59:06] [LootOverhaul] [INFO] Reloaded !
[2024:02:06:18:02:32] [LootOverhaul] [INFO] Start Reloading !
[2024:02:06:18:02:32] [LootOverhaul] [INFO] Loading conditions !
[2024:02:06:18:02:32] [LootOverhaul] [INFO] Loaded conditions !
[2024:02:06:18:02:32] [LootOverhaul] [INFO] Registered 0 conditions !
[2024:02:06:18:02:32] [LootOverhaul] [INFO] Registered 0 block conditions !
[2024:02:06:18:02:32] [LootOverhaul] [INFO] Registered 0 entity conditions !
[2024:02:06:18:02:32] [LootOverhaul] [INFO] Registered 0 chest conditions !
[2024:02:06:18:02:32] [LootOverhaul] [INFO] Registered 0 fishing conditions !
[2024:02:06:18:02:32] [LootOverhaul] [INFO] Reloaded !
[2024:02:06:18:03:05] [LootOverhaul] [INFO] Loading data from file !
[2024:02:06:18:03:05] [LootOverhaul] [INFO] Loading level data !
[2024:02:06:18:03:05] [LootOverhaul] [INFO] Loaded level data !
[2024:02:06:18:04:59] [LootOverhaul] [INFO] Start Reloading !
[2024:02:06:18:04:59] [LootOverhaul] [INFO] Loading conditions !
[2024:02:06:18:04:59] [LootOverhaul] [INFO] Loaded conditions !
[2024:02:06:18:04:59] [LootOverhaul] [INFO] Registered 0 conditions !
[2024:02:06:18:04:59] [LootOverhaul] [INFO] Registered 0 block conditions !
[2024:02:06:18:04:59] [LootOverhaul] [INFO] Registered 0 entity conditions !
[2024:02:06:18:04:59] [LootOverhaul] [INFO] Registered 0 chest conditions !
[2024:02:06:18:04:59] [LootOverhaul] [INFO] Registered 0 fishing conditions !
[2024:02:06:18:04:59] [LootOverhaul] [INFO] Reloaded !
[2024:02:06:18:05:39] [LootOverhaul] [INFO] Start Reloading !
[2024:02:06:18:05:39] [LootOverhaul] [INFO] Loading conditions !
[2024:02:06:18:05:39] [LootOverhaul] [INFO] Loaded conditions !
[2024:02:06:18:05:39] [LootOverhaul] [INFO] Registered 0 conditions !
[2024:02:06:18:05:39] [LootOverhaul] [INFO] Registered 0 block conditions !
[2024:02:06:18:05:39] [LootOverhaul] [INFO] Registered 0 entity conditions !
[2024:02:06:18:05:39] [LootOverhaul] [INFO] Registered 0 chest conditions !
[2024:02:06:18:05:39] [LootOverhaul] [INFO] Registered 0 fishing conditions !
[2024:02:06:18:05:39] [LootOverhaul] [INFO] Reloaded !
[2024:02:06:18:08:13] [LootOverhaul] [INFO] Start Reloading !
[2024:02:06:18:08:13] [LootOverhaul] [INFO] Loading conditions !
[2024:02:06:18:08:13] [LootOverhaul] [INFO] Loaded conditions !
[2024:02:06:18:08:13] [LootOverhaul] [INFO] Registered 0 conditions !
[2024:02:06:18:08:13] [LootOverhaul] [INFO] Registered 0 block conditions !
[2024:02:06:18:08:13] [LootOverhaul] [INFO] Registered 0 entity conditions !
[2024:02:06:18:08:13] [LootOverhaul] [INFO] Registered 0 chest conditions !
[2024:02:06:18:08:13] [LootOverhaul] [INFO] Registered 0 fishing conditions !
[2024:02:06:18:08:13] [LootOverhaul] [INFO] Reloaded !
[2024:02:06:18:08:50] [LootOverhaul] [INFO] Loading data from file !
[2024:02:06:18:08:50] [LootOverhaul] [INFO] Loading level data !
[2024:02:06:18:08:50] [LootOverhaul] [INFO] Loaded level data !
[2024:02:06:18:10:34] [LootOverhaul] [INFO] Start Reloading !
[2024:02:06:18:10:34] [LootOverhaul] [INFO] Loading conditions !
[2024:02:06:18:10:34] [LootOverhaul] [INFO] Loaded conditions !
[2024:02:06:18:10:34] [LootOverhaul] [INFO] Registered 0 conditions !
[2024:02:06:18:10:34] [LootOverhaul] [INFO] Registered 0 block conditions !
[2024:02:06:18:10:34] [LootOverhaul] [INFO] Registered 0 entity conditions !
[2024:02:06:18:10:34] [LootOverhaul] [INFO] Registered 0 chest conditions !
[2024:02:06:18:10:34] [LootOverhaul] [INFO] Registered 0 fishing conditions !
[2024:02:06:18:10:34] [LootOverhaul] [INFO] Reloaded !
[2024:02:06:18:10:54] [LootOverhaul] [INFO] Start Reloading !
[2024:02:06:18:10:54] [LootOverhaul] [INFO] Loading conditions !
[2024:02:06:18:10:54] [LootOverhaul] [INFO] Loaded conditions !
[2024:02:06:18:10:54] [LootOverhaul] [INFO] Registered 0 conditions !
[2024:02:06:18:10:54] [LootOverhaul] [INFO] Registered 0 block conditions !
[2024:02:06:18:10:54] [LootOverhaul] [INFO] Registered 0 entity conditions !
[2024:02:06:18:10:54] [LootOverhaul] [INFO] Registered 0 chest conditions !
[2024:02:06:18:10:54] [LootOverhaul] [INFO] Registered 0 fishing conditions !
[2024:02:06:18:10:54] [LootOverhaul] [INFO] Reloaded !
[2024:02:06:18:16:40] [LootOverhaul] [INFO] Start Reloading !
[2024:02:06:18:16:40] [LootOverhaul] [INFO] Loading conditions !
[2024:02:06:18:16:40] [LootOverhaul] [INFO] Loaded conditions !
[2024:02:06:18:16:40] [LootOverhaul] [INFO] Registered 0 conditions !
[2024:02:06:18:16:40] [LootOverhaul] [INFO] Registered 0 block conditions !
[2024:02:06:18:16:40] [LootOverhaul] [INFO] Registered 0 entity conditions !
[2024:02:06:18:16:40] [LootOverhaul] [INFO] Registered 0 chest conditions !
[2024:02:06:18:16:40] [LootOverhaul] [INFO] Registered 0 fishing conditions !
[2024:02:06:18:16:40] [LootOverhaul] [INFO] Reloaded !
[2024:02:06:18:17:00] [LootOverhaul] [INFO] Start Reloading !
[2024:02:06:18:17:00] [LootOverhaul] [INFO] Loading conditions !
[2024:02:06:18:17:00] [LootOverhaul] [INFO] Loaded conditions !
[2024:02:06:18:17:00] [LootOverhaul] [INFO] Registered 0 conditions !
[2024:02:06:18:17:00] [LootOverhaul] [INFO] Registered 0 block conditions !
[2024:02:06:18:17:00] [LootOverhaul] [INFO] Registered 0 entity conditions !
[2024:02:06:18:17:00] [LootOverhaul] [INFO] Registered 0 chest conditions !
[2024:02:06:18:17:00] [LootOverhaul] [INFO] Registered 0 fishing conditions !
[2024:02:06:18:17:00] [LootOverhaul] [INFO] Reloaded !
[2024:02:06:18:25:48] [LootOverhaul] [INFO] Start Reloading !
[2024:02:06:18:25:48] [LootOverhaul] [INFO] Loading conditions !
[2024:02:06:18:25:48] [LootOverhaul] [INFO] Loaded conditions !
[2024:02:06:18:25:48] [LootOverhaul] [INFO] Registered 0 conditions !
[2024:02:06:18:25:48] [LootOverhaul] [INFO] Registered 0 block conditions !
[2024:02:06:18:25:48] [LootOverhaul] [INFO] Registered 0 entity conditions !
[2024:02:06:18:25:48] [LootOverhaul] [INFO] Registered 0 chest conditions !
[2024:02:06:18:25:48] [LootOverhaul] [INFO] Registered 0 fishing conditions !
[2024:02:06:18:25:48] [LootOverhaul] [INFO] Reloaded !
[2024:02:06:18:29:15] [LootOverhaul] [INFO] Start Reloading !
[2024:02:06:18:29:15] [LootOverhaul] [INFO] Loading conditions !
[2024:02:06:18:29:15] [LootOverhaul] [INFO] Loaded conditions !
[2024:02:06:18:29:15] [LootOverhaul] [INFO] Registered 0 conditions !
[2024:02:06:18:29:15] [LootOverhaul] [INFO] Registered 0 block conditions !
[2024:02:06:18:29:15] [LootOverhaul] [INFO] Registered 0 entity conditions !
[2024:02:06:18:29:15] [LootOverhaul] [INFO] Registered 0 chest conditions !
[2024:02:06:18:29:15] [LootOverhaul] [INFO] Registered 0 fishing conditions !
[2024:02:06:18:29:15] [LootOverhaul] [INFO] Reloaded !
[2024:02:06:18:29:48] [LootOverhaul] [INFO] Start Reloading !
[2024:02:06:18:29:48] [LootOverhaul] [INFO] Loading conditions !
[2024:02:06:18:29:48] [LootOverhaul] [INFO] Loaded conditions !
[2024:02:06:18:29:48] [LootOverhaul] [INFO] Registered 0 conditions !
[2024:02:06:18:29:48] [LootOverhaul] [INFO] Registered 0 block conditions !
[2024:02:06:18:29:48] [LootOverhaul] [INFO] Registered 0 entity conditions !
[2024:02:06:18:29:48] [LootOverhaul] [INFO] Registered 0 chest conditions !
[2024:02:06:18:29:48] [LootOverhaul] [INFO] Registered 0 fishing conditions !
[2024:02:06:18:29:48] [LootOverhaul] [INFO] Reloaded !
[2024:02:06:18:52:46] [LootOverhaul] [INFO] Start Reloading !
[2024:02:06:18:52:46] [LootOverhaul] [INFO] Loading conditions !
[2024:02:06:18:52:46] [LootOverhaul] [INFO] Loaded conditions !
[2024:02:06:18:52:46] [LootOverhaul] [INFO] Registered 0 conditions !
[2024:02:06:18:52:46] [LootOverhaul] [INFO] Registered 0 block conditions !
[2024:02:06:18:52:46] [LootOverhaul] [INFO] Registered 0 entity conditions !
[2024:02:06:18:52:46] [LootOverhaul] [INFO] Registered 0 chest conditions !
[2024:02:06:18:52:46] [LootOverhaul] [INFO] Registered 0 fishing conditions !
[2024:02:06:18:52:46] [LootOverhaul] [INFO] Reloaded !
[2024:02:06:18:53:46] [LootOverhaul] [INFO] Start Reloading !
[2024:02:06:18:53:46] [LootOverhaul] [INFO] Loading conditions !
[2024:02:06:18:53:46] [LootOverhaul] [INFO] Loaded conditions !
[2024:02:06:18:53:46] [LootOverhaul] [INFO] Registered 0 conditions !
[2024:02:06:18:53:46] [LootOverhaul] [INFO] Registered 0 block conditions !
[2024:02:06:18:53:46] [LootOverhaul] [INFO] Registered 0 entity conditions !
[2024:02:06:18:53:46] [LootOverhaul] [INFO] Registered 0 chest conditions !
[2024:02:06:18:53:46] [LootOverhaul] [INFO] Registered 0 fishing conditions !
[2024:02:06:18:53:46] [LootOverhaul] [INFO] Reloaded !
[2024:02:06:18:53:57] [LootOverhaul] [INFO] Start Reloading !
[2024:02:06:18:53:57] [LootOverhaul] [INFO] Loading conditions !
[2024:02:06:18:53:57] [LootOverhaul] [INFO] Loaded conditions !
[2024:02:06:18:53:57] [LootOverhaul] [INFO] Registered 0 conditions !
[2024:02:06:18:53:57] [LootOverhaul] [INFO] Registered 0 block conditions !
[2024:02:06:18:53:57] [LootOverhaul] [INFO] Registered 0 entity conditions !
[2024:02:06:18:53:57] [LootOverhaul] [INFO] Registered 0 chest conditions !
[2024:02:06:18:53:57] [LootOverhaul] [INFO] Registered 0 fishing conditions !
[2024:02:06:18:53:57] [LootOverhaul] [INFO] Reloaded !
[2024:02:06:18:55:49] [LootOverhaul] [INFO] Start Reloading !
[2024:02:06:18:55:49] [LootOverhaul] [INFO] Loading conditions !
[2024:02:06:18:55:49] [LootOverhaul] [INFO] Loaded conditions !
[2024:02:06:18:55:49] [LootOverhaul] [INFO] Registered 0 conditions !
[2024:02:06:18:55:49] [LootOverhaul] [INFO] Registered 0 block conditions !
[2024:02:06:18:55:49] [LootOverhaul] [INFO] Registered 0 entity conditions !
[2024:02:06:18:55:49] [LootOverhaul] [INFO] Registered 0 chest conditions !
[2024:02:06:18:55:49] [LootOverhaul] [INFO] Registered 0 fishing conditions !
[2024:02:06:18:55:49] [LootOverhaul] [INFO] Reloaded !
[2024:02:06:18:56:56] [LootOverhaul] [INFO] Start Reloading !
[2024:02:06:18:56:56] [LootOverhaul] [INFO] Loading conditions !
[2024:02:06:18:56:56] [LootOverhaul] [INFO] Loaded conditions !
[2024:02:06:18:56:56] [LootOverhaul] [INFO] Registered 0 conditions !
[2024:02:06:18:56:56] [LootOverhaul] [INFO] Registered 0 block conditions !
[2024:02:06:18:56:56] [LootOverhaul] [INFO] Registered 0 entity conditions !
[2024:02:06:18:56:56] [LootOverhaul] [INFO] Registered 0 chest conditions !
[2024:02:06:18:56:56] [LootOverhaul] [INFO] Registered 0 fishing conditions !
[2024:02:06:18:56:56] [LootOverhaul] [INFO] Reloaded !
